This is pdfTeX, Version 3.14159265-2.6-1.40.16 (TeX Live 2015) (preloaded format=pdflatex 2015.5.24)  5 OCT 2018 15:06
entering extended mode
 restricted \write18 enabled.
 file:line:error style messages enabled.
 %&-line parsing enabled.
**saop.tex
(./saop.tex
LaTeX2e <2015/01/01>
Babel <3.9l> and hyphenation patterns for 79 languages loaded.
(/usr/local/texlive/2015/texmf-dist/tex/latex/base/article.cls
Document Class: article 2014/09/29 v1.4h Standard LaTeX document class
(/usr/local/texlive/2015/texmf-dist/tex/latex/base/size10.clo
File: size10.clo 2014/09/29 v1.4h Standard LaTeX file (size option)
)
\c@part=\count79
\c@section=\count80
\c@subsection=\count81
\c@subsubsection=\count82
\c@paragraph=\count83
\c@subparagraph=\count84
\c@figure=\count85
\c@table=\count86
\abovecaptionskip=\skip41
\belowcaptionskip=\skip42
\bibindent=\dimen102
) (./spconf.sty)
(/usr/local/texlive/2015/texmf-dist/tex/latex/hyperref/hyperref.sty
Package: hyperref 2012/11/06 v6.83m Hypertext links for LaTeX

(/usr/local/texlive/2015/texmf-dist/tex/generic/oberdiek/hobsub-hyperref.sty
Package: hobsub-hyperref 2012/05/28 v1.13 Bundle oberdiek, subset hyperref (HO)


(/usr/local/texlive/2015/texmf-dist/tex/generic/oberdiek/hobsub-generic.sty
Package: hobsub-generic 2012/05/28 v1.13 Bundle oberdiek, subset generic (HO)
Package: hobsub 2012/05/28 v1.13 Construct package bundles (HO)
Package: infwarerr 2010/04/08 v1.3 Providing info/warning/error messages (HO)
Package: ltxcmds 2011/11/09 v1.22 LaTeX kernel commands for general use (HO)
Package: ifluatex 2010/03/01 v1.3 Provides the ifluatex switch (HO)
Package ifluatex Info: LuaTeX not detected.
Package: ifvtex 2010/03/01 v1.5 Detect VTeX and its facilities (HO)
Package ifvtex Info: VTeX not detected.
Package: intcalc 2007/09/27 v1.1 Expandable calculations with integers (HO)
Package: ifpdf 2011/01/30 v2.3 Provides the ifpdf switch (HO)
Package ifpdf Info: pdfTeX in PDF mode is detected.
Package: etexcmds 2011/02/16 v1.5 Avoid name clashes with e-TeX commands (HO)
Package etexcmds Info: Could not find \expanded.
(etexcmds)             That can mean that you are not using pdfTeX 1.50 or
(etexcmds)             that some package has redefined \expanded.
(etexcmds)             In the latter case, load this package earlier.
Package: kvsetkeys 2012/04/25 v1.16 Key value parser (HO)
Package: kvdefinekeys 2011/04/07 v1.3 Define keys (HO)
Package: pdftexcmds 2011/11/29 v0.20 Utility functions of pdfTeX for LuaTeX (HO
)
Package pdftexcmds Info: LuaTeX not detected.
Package pdftexcmds Info: \pdf@primitive is available.
Package pdftexcmds Info: \pdf@ifprimitive is available.
Package pdftexcmds Info: \pdfdraftmode found.
Package: pdfescape 2011/11/25 v1.13 Implements pdfTeX's escape features (HO)
Package: bigintcalc 2012/04/08 v1.3 Expandable calculations on big integers (HO
)
Package: bitset 2011/01/30 v1.1 Handle bit-vector datatype (HO)
Package: uniquecounter 2011/01/30 v1.2 Provide unlimited unique counter (HO)
)
Package hobsub Info: Skipping package `hobsub' (already loaded).
Package: letltxmacro 2010/09/02 v1.4 Let assignment for LaTeX macros (HO)
Package: hopatch 2012/05/28 v1.2 Wrapper for package hooks (HO)
Package: xcolor-patch 2011/01/30 xcolor patch
Package: atveryend 2011/06/30 v1.8 Hooks at the very end of document (HO)
Package atveryend Info: \enddocument detected (standard20110627).
Package: atbegshi 2011/10/05 v1.16 At begin shipout hook (HO)
Package: refcount 2011/10/16 v3.4 Data extraction from label references (HO)
Package: hycolor 2011/01/30 v1.7 Color options for hyperref/bookmark (HO)
)
(/usr/local/texlive/2015/texmf-dist/tex/latex/graphics/keyval.sty
Package: keyval 2014/10/28 v1.15 key=value parser (DPC)
\KV@toks@=\toks14
)
(/usr/local/texlive/2015/texmf-dist/tex/generic/ifxetex/ifxetex.sty
Package: ifxetex 2010/09/12 v0.6 Provides ifxetex conditional
)
(/usr/local/texlive/2015/texmf-dist/tex/latex/oberdiek/auxhook.sty
Package: auxhook 2011/03/04 v1.3 Hooks for auxiliary files (HO)
)
(/usr/local/texlive/2015/texmf-dist/tex/latex/oberdiek/kvoptions.sty
Package: kvoptions 2011/06/30 v3.11 Key value format for package options (HO)
)
\@linkdim=\dimen103
\Hy@linkcounter=\count87
\Hy@pagecounter=\count88

(/usr/local/texlive/2015/texmf-dist/tex/latex/hyperref/pd1enc.def
File: pd1enc.def 2012/11/06 v6.83m Hyperref: PDFDocEncoding definition (HO)
)
\Hy@SavedSpaceFactor=\count89

(/usr/local/texlive/2015/texmf-dist/tex/latex/latexconfig/hyperref.cfg
File: hyperref.cfg 2002/06/06 v1.2 hyperref configuration of TeXLive
)
Package hyperref Info: Hyper figures OFF on input line 4443.
Package hyperref Info: Link nesting OFF on input line 4448.
Package hyperref Info: Hyper index ON on input line 4451.
Package hyperref Info: Plain pages OFF on input line 4458.
Package hyperref Info: Backreferencing OFF on input line 4463.
Package hyperref Info: Implicit mode ON; LaTeX internals redefined.
Package hyperref Info: Bookmarks ON on input line 4688.
\c@Hy@tempcnt=\count90

(/usr/local/texlive/2015/texmf-dist/tex/latex/url/url.sty
\Urlmuskip=\muskip10
Package: url 2013/09/16  ver 3.4  Verb mode for urls, etc.
)
LaTeX Info: Redefining \url on input line 5041.
\XeTeXLinkMargin=\dimen104
\Fld@menulength=\count91
\Field@Width=\dimen105
\Fld@charsize=\dimen106
Package hyperref Info: Hyper figures OFF on input line 6295.
Package hyperref Info: Link nesting OFF on input line 6300.
Package hyperref Info: Hyper index ON on input line 6303.
Package hyperref Info: backreferencing OFF on input line 6310.
Package hyperref Info: Link coloring OFF on input line 6315.
Package hyperref Info: Link coloring with OCG OFF on input line 6320.
Package hyperref Info: PDF/A mode OFF on input line 6325.
LaTeX Info: Redefining \ref on input line 6365.
LaTeX Info: Redefining \pageref on input line 6369.
\Hy@abspage=\count92
\c@Item=\count93
\c@Hfootnote=\count94
)

Package hyperref Message: Driver (autodetected): hpdftex.

(/usr/local/texlive/2015/texmf-dist/tex/latex/hyperref/hpdftex.def
File: hpdftex.def 2012/11/06 v6.83m Hyperref driver for pdfTeX
\Fld@listcount=\count95
\c@bookmark@seq@number=\count96

(/usr/local/texlive/2015/texmf-dist/tex/latex/oberdiek/rerunfilecheck.sty
Package: rerunfilecheck 2011/04/15 v1.7 Rerun checks for auxiliary files (HO)
Package uniquecounter Info: New unique counter `rerunfilecheck' on input line 2
82.
)
\Hy@SectionHShift=\skip43
)
(/usr/local/texlive/2015/texmf-dist/tex/latex/algorithms/algorithm.sty
Package: algorithm 2009/08/24 v0.1 Document Style `algorithm' - floating enviro
nment

(/usr/local/texlive/2015/texmf-dist/tex/latex/float/float.sty
Package: float 2001/11/08 v1.3d Float enhancements (AL)
\c@float@type=\count97
\float@exts=\toks15
\float@box=\box26
\@float@everytoks=\toks16
\@floatcapt=\box27
)
(/usr/local/texlive/2015/texmf-dist/tex/latex/base/ifthen.sty
Package: ifthen 2014/09/29 v1.1c Standard LaTeX ifthen package (DPC)
)
\@float@every@algorithm=\toks17
\c@algorithm=\count98
)
(/usr/local/texlive/2015/texmf-dist/tex/latex/algorithmicx/algpseudocode.sty
Package: algpseudocode 

(/usr/local/texlive/2015/texmf-dist/tex/latex/algorithmicx/algorithmicx.sty
Package: algorithmicx 2005/04/27 v1.2 Algorithmicx

Document Style algorithmicx 1.2 - a greatly improved `algorithmic' style
\c@ALG@line=\count99
\c@ALG@rem=\count100
\c@ALG@nested=\count101
\ALG@tlm=\skip44
\ALG@thistlm=\skip45
\c@ALG@Lnr=\count102
\c@ALG@blocknr=\count103
\c@ALG@storecount=\count104
\c@ALG@tmpcounter=\count105
\ALG@tmplength=\skip46
)
Document Style - pseudocode environments for use with the `algorithmicx' style
) (/usr/local/texlive/2015/texmf-dist/tex/latex/mathtools/mathtools.sty
Package: mathtools 2015/05/11 v1.16 mathematical typesetting tools

(/usr/local/texlive/2015/texmf-dist/tex/latex/tools/calc.sty
Package: calc 2014/10/28 v4.3 Infix arithmetic (KKT,FJ)
\calc@Acount=\count106
\calc@Bcount=\count107
\calc@Adimen=\dimen107
\calc@Bdimen=\dimen108
\calc@Askip=\skip47
\calc@Bskip=\skip48
LaTeX Info: Redefining \setlength on input line 80.
LaTeX Info: Redefining \addtolength on input line 81.
\calc@Ccount=\count108
\calc@Cskip=\skip49
)
(/usr/local/texlive/2015/texmf-dist/tex/latex/mathtools/mhsetup.sty
Package: mhsetup 2010/01/21 v1.2a programming setup (MH)
)
(/usr/local/texlive/2015/texmf-dist/tex/latex/amsmath/amsmath.sty
Package: amsmath 2013/01/14 v2.14 AMS math features
\@mathmargin=\skip50

For additional information on amsmath, use the `?' option.
(/usr/local/texlive/2015/texmf-dist/tex/latex/amsmath/amstext.sty
Package: amstext 2000/06/29 v2.01

(/usr/local/texlive/2015/texmf-dist/tex/latex/amsmath/amsgen.sty
File: amsgen.sty 1999/11/30 v2.0
\@emptytoks=\toks18
\ex@=\dimen109
))
(/usr/local/texlive/2015/texmf-dist/tex/latex/amsmath/amsbsy.sty
Package: amsbsy 1999/11/29 v1.2d
\pmbraise@=\dimen110
)
(/usr/local/texlive/2015/texmf-dist/tex/latex/amsmath/amsopn.sty
Package: amsopn 1999/12/14 v2.01 operator names
)
\inf@bad=\count109
LaTeX Info: Redefining \frac on input line 210.
\uproot@=\count110
\leftroot@=\count111
LaTeX Info: Redefining \overline on input line 306.
\classnum@=\count112
\DOTSCASE@=\count113
LaTeX Info: Redefining \ldots on input line 378.
LaTeX Info: Redefining \dots on input line 381.
LaTeX Info: Redefining \cdots on input line 466.
\Mathstrutbox@=\box28
\strutbox@=\box29
\big@size=\dimen111
LaTeX Font Info:    Redeclaring font encoding OML on input line 566.
LaTeX Font Info:    Redeclaring font encoding OMS on input line 567.
\macc@depth=\count114
\c@MaxMatrixCols=\count115
\dotsspace@=\muskip11
\c@parentequation=\count116
\dspbrk@lvl=\count117
\tag@help=\toks19
\row@=\count118
\column@=\count119
\maxfields@=\count120
\andhelp@=\toks20
\eqnshift@=\dimen112
\alignsep@=\dimen113
\tagshift@=\dimen114
\tagwidth@=\dimen115
\totwidth@=\dimen116
\lineht@=\dimen117
\@envbody=\toks21
\multlinegap=\skip51
\multlinetaggap=\skip52
\mathdisplay@stack=\toks22
LaTeX Info: Redefining \[ on input line 2665.
LaTeX Info: Redefining \] on input line 2666.
)
LaTeX Info: Thecontrolsequence`\('isalreadyrobust on input line 129.
LaTeX Info: Thecontrolsequence`\)'isalreadyrobust on input line 129.
LaTeX Info: Thecontrolsequence`\['isalreadyrobust on input line 129.
LaTeX Info: Thecontrolsequence`\]'isalreadyrobust on input line 129.
\g_MT_multlinerow_int=\count121
\l_MT_multwidth_dim=\dimen118
\origjot=\skip53
\l_MT_shortvdotswithinadjustabove_dim=\dimen119
\l_MT_shortvdotswithinadjustbelow_dim=\dimen120
\l_MT_above_intertext_sep=\dimen121
\l_MT_below_intertext_sep=\dimen122
\l_MT_above_shortintertext_sep=\dimen123
\l_MT_below_shortintertext_sep=\dimen124
)
(/usr/local/texlive/2015/texmf-dist/tex/latex/preprint/balance.sty
Package: balance 1999/02/23 4.3 (PWD)
\oldvsize=\dimen125
)
(./preamble.tex
(/usr/local/texlive/2015/texmf-dist/tex/latex/geometry/geometry.sty
Package: geometry 2010/09/12 v5.6 Page Geometry
\Gm@cnth=\count122
\Gm@cntv=\count123
\c@Gm@tempcnt=\count124
\Gm@bindingoffset=\dimen126
\Gm@wd@mp=\dimen127
\Gm@odd@mp=\dimen128
\Gm@even@mp=\dimen129
\Gm@layoutwidth=\dimen130
\Gm@layoutheight=\dimen131
\Gm@layouthoffset=\dimen132
\Gm@layoutvoffset=\dimen133
\Gm@dimlist=\toks23
)
(/usr/local/texlive/2015/texmf-dist/tex/latex/graphics/graphicx.sty
Package: graphicx 2014/10/28 v1.0g Enhanced LaTeX Graphics (DPC,SPQR)

(/usr/local/texlive/2015/texmf-dist/tex/latex/graphics/graphics.sty
Package: graphics 2014/10/28 v1.0p Standard LaTeX Graphics (DPC,SPQR)

(/usr/local/texlive/2015/texmf-dist/tex/latex/graphics/trig.sty
Package: trig 1999/03/16 v1.09 sin cos tan (DPC)
)
(/usr/local/texlive/2015/texmf-dist/tex/latex/latexconfig/graphics.cfg
File: graphics.cfg 2010/04/23 v1.9 graphics configuration of TeX Live
)
Package graphics Info: Driver file: pdftex.def on input line 94.

(/usr/local/texlive/2015/texmf-dist/tex/latex/pdftex-def/pdftex.def
File: pdftex.def 2011/05/27 v0.06d Graphics/color for pdfTeX
\Gread@gobject=\count125
))
\Gin@req@height=\dimen134
\Gin@req@width=\dimen135
)
(/usr/local/texlive/2015/texmf-dist/tex/latex/amsfonts/amssymb.sty
Package: amssymb 2013/01/14 v3.01 AMS font symbols

(/usr/local/texlive/2015/texmf-dist/tex/latex/amsfonts/amsfonts.sty
Package: amsfonts 2013/01/14 v3.01 Basic AMSFonts support
\symAMSa=\mathgroup4
\symAMSb=\mathgroup5
LaTeX Font Info:    Overwriting math alphabet `\mathfrak' in version `bold'
(Font)                  U/euf/m/n --> U/euf/b/n on input line 106.
))
(/usr/local/texlive/2015/texmf-dist/tex/latex/amscls/amsthm.sty
Package: amsthm 2015/03/04 v2.20.2
\thm@style=\toks24
\thm@bodyfont=\toks25
\thm@headfont=\toks26
\thm@notefont=\toks27
\thm@headpunct=\toks28
\thm@preskip=\skip54
\thm@postskip=\skip55
\thm@headsep=\skip56
\dth@everypar=\toks29
)
(/usr/local/texlive/2015/texmf-dist/tex/latex/oberdiek/epstopdf.sty
Package: epstopdf 2010/02/09 v2.5 Conversion with epstopdf on the fly (HO)

(/usr/local/texlive/2015/texmf-dist/tex/latex/oberdiek/epstopdf-base.sty
Package: epstopdf-base 2010/02/09 v2.5 Base part for package epstopdf

(/usr/local/texlive/2015/texmf-dist/tex/latex/oberdiek/grfext.sty
Package: grfext 2010/08/19 v1.1 Manage graphics extensions (HO)
)
Package grfext Info: Graphics extension search list:
(grfext)             [.png,.pdf,.jpg,.mps,.jpeg,.jbig2,.jb2,.PNG,.PDF,.JPG,.JPE
G,.JBIG2,.JB2,.eps]
(grfext)             \AppendGraphicsExtensions on input line 452.

(/usr/local/texlive/2015/texmf-dist/tex/latex/latexconfig/epstopdf-sys.cfg
File: epstopdf-sys.cfg 2010/07/13 v1.3 Configuration of (r)epstopdf for TeX Liv
e
)))
(/usr/local/texlive/2015/texmf-dist/tex/latex/dblfloatfix/dblfloatfix.sty
Package: dblfloatfix 2012/12/31 v1.0a (JAW)

(/usr/local/texlive/2015/texmf-dist/tex/latex/base/fixltx2e.sty
Package: fixltx2e 2015/02/21 v2.0a fixes to LaTeX (obsolete)


Package fixltx2e Warning: fixltx2e is not required with releases after 2015
(fixltx2e)                All fixes are now in the LaTeX kernel.
(fixltx2e)                See the latexrelease package for details.

)
\@dblbotnum=\count126
\c@dblbotnumber=\count127
) (/usr/local/texlive/2015/texmf-dist/tex/latex/graphics/color.sty
Package: color 2014/10/28 v1.1a Standard LaTeX Color (DPC)

(/usr/local/texlive/2015/texmf-dist/tex/latex/latexconfig/color.cfg
File: color.cfg 2007/01/18 v1.5 color configuration of teTeX/TeXLive
)
Package color Info: Driver file: pdftex.def on input line 142.
)
(/usr/local/texlive/2015/texmf-dist/tex/latex/tools/array.sty
Package: array 2014/10/28 v2.4c Tabular extension package (FMi)
\col@sep=\dimen136
\extrarowheight=\dimen137
\NC@list=\toks30
\extratabsurround=\skip57
\backup@length=\skip58
)
(/usr/local/texlive/2015/texmf-dist/tex/latex/multirow/multirow.sty
\bigstrutjot=\dimen138
)
(/usr/local/texlive/2015/texmf-dist/tex/latex/booktabs/booktabs.sty
Package: booktabs 2005/04/14 v1.61803 publication quality tables
\heavyrulewidth=\dimen139
\lightrulewidth=\dimen140
\cmidrulewidth=\dimen141
\belowrulesep=\dimen142
\belowbottomsep=\dimen143
\aboverulesep=\dimen144
\abovetopsep=\dimen145
\cmidrulesep=\dimen146
\cmidrulekern=\dimen147
\defaultaddspace=\dimen148
\@cmidla=\count128
\@cmidlb=\count129
\@aboverulesep=\dimen149
\@belowrulesep=\dimen150
\@thisruleclass=\count130
\@lastruleclass=\count131
\@thisrulewidth=\dimen151
)
(/usr/local/texlive/2015/texmf-dist/tex/latex/setspace/setspace.sty
Package: setspace 2011/12/19 v6.7a set line spacing
)
\c@theorem=\count132
\c@definition=\count133
\c@problem=\count134
\c@example=\count135
\c@remark=\count136
\c@lemma=\count137
\c@corollary=\count138
\c@proposition=\count139
)
(./saop.aux)
\openout1 = `saop.aux'.

LaTeX Font Info:    Checking defaults for OML/cmm/m/it on input line 67.
LaTeX Font Info:    ... okay on input line 67.
LaTeX Font Info:    Checking defaults for T1/cmr/m/n on input line 67.
LaTeX Font Info:    ... okay on input line 67.
LaTeX Font Info:    Checking defaults for OT1/cmr/m/n on input line 67.
LaTeX Font Info:    ... okay on input line 67.
LaTeX Font Info:    Checking defaults for OMS/cmsy/m/n on input line 67.
LaTeX Font Info:    ... okay on input line 67.
LaTeX Font Info:    Checking defaults for OMX/cmex/m/n on input line 67.
LaTeX Font Info:    ... okay on input line 67.
LaTeX Font Info:    Checking defaults for U/cmr/m/n on input line 67.
LaTeX Font Info:    ... okay on input line 67.
LaTeX Font Info:    Checking defaults for PD1/pdf/m/n on input line 67.
LaTeX Font Info:    ... okay on input line 67.
LaTeX Font Info:    Try loading font information for OT1+ptm on input line 67.
 (/usr/local/texlive/2015/texmf-dist/tex/latex/psnfss/ot1ptm.fd
File: ot1ptm.fd 2001/06/04 font definitions for OT1/ptm.
)
\AtBeginShipoutBox=\box30
Package hyperref Info: Link coloring OFF on input line 67.

(/usr/local/texlive/2015/texmf-dist/tex/latex/hyperref/nameref.sty
Package: nameref 2012/10/27 v2.43 Cross-referencing by name of section

(/usr/local/texlive/2015/texmf-dist/tex/generic/oberdiek/gettitlestring.sty
Package: gettitlestring 2010/12/03 v1.4 Cleanup title references (HO)
)
\c@section@level=\count140
)
LaTeX Info: Redefining \ref on input line 67.
LaTeX Info: Redefining \pageref on input line 67.
LaTeX Info: Redefining \nameref on input line 67.

(./saop.out) (./saop.out)
\@outlinefile=\write3
\openout3 = `saop.out'.


*geometry* driver: auto-detecting
*geometry* detected driver: pdftex
*geometry* verbose mode - [ preamble ] result:
* driver: pdftex
* paper: letterpaper
* layout: <same size as paper>
* layoutoffset:(h,v)=(0.0pt,0.0pt)
* modes: 
* h-part:(L,W,R)=(72.26999pt, 469.75502pt, 72.26999pt)
* v-part:(T,H,B)=(72.26999pt, 650.43001pt, 72.26999pt)
* \paperwidth=614.295pt
* \paperheight=794.96999pt
* \textwidth=505.89001pt
* \textheight=650.43001pt
* \oddsidemargin=-18.06749pt
* \evensidemargin=-18.06749pt
* \topmargin=0.0pt
* \headheight=0.0pt
* \headsep=0.0pt
* \topskip=10.0pt
* \footskip=30.0pt
* \marginparwidth=65.0pt
* \marginparsep=11.0pt
* \columnsep=17.07164pt
* \skip\footins=9.0pt plus 4.0pt minus 2.0pt
* \hoffset=0.0pt
* \voffset=0.0pt
* \mag=1000
* \@twocolumntrue
* \@twosidefalse
* \@mparswitchfalse
* \@reversemarginfalse
* (1in=72.27pt=25.4mm, 1cm=28.453pt)

(/usr/local/texlive/2015/texmf-dist/tex/context/base/supp-pdf.mkii
[Loading MPS to PDF converter (version 2006.09.02).]
\scratchcounter=\count141
\scratchdimen=\dimen152
\scratchbox=\box31
\nofMPsegments=\count142
\nofMParguments=\count143
\everyMPshowfont=\toks31
\MPscratchCnt=\count144
\MPscratchDim=\dimen153
\MPnumerator=\count145
\makeMPintoPDFobject=\count146
\everyMPtoPDFconversion=\toks32
)
LaTeX Font Info:    Font shape `OT1/ptm/bx/n' in size <12> not available
(Font)              Font shape `OT1/ptm/b/n' tried instead on input line 72.
LaTeX Font Info:    Try loading font information for U+msa on input line 72.
 (/usr/local/texlive/2015/texmf-dist/tex/latex/amsfonts/umsa.fd
File: umsa.fd 2013/01/14 v3.01 AMS symbols A
)
LaTeX Font Info:    Try loading font information for U+msb on input line 72.

(/usr/local/texlive/2015/texmf-dist/tex/latex/amsfonts/umsb.fd
File: umsb.fd 2013/01/14 v3.01 AMS symbols B
)
LaTeX Font Info:    Try loading font information for OMS+ptm on input line 72.

(/usr/local/texlive/2015/texmf-dist/tex/latex/psnfss/omsptm.fd
File: omsptm.fd 
)
LaTeX Font Info:    Font shape `OMS/ptm/m/n' in size <8> not available
(Font)              Font shape `OMS/cmsy/m/n' tried instead on input line 72.

Underfull \hbox (badness 10000) in paragraph at lines 72--72
[][]\OT1/ptm/m/n/8 Authors' email ad-dresses: \OMS/cmsy/m/n/8 f\OT1/ptm/m/n/8 l
fan,dshuman1\OMS/cmsy/m/n/8 g\OT1/ptm/m/n/8 @macalester.edu,
 []

LaTeX Font Info:    Try loading font information for OT1+pcr on input line 72.
(/usr/local/texlive/2015/texmf-dist/tex/latex/psnfss/ot1pcr.fd
File: ot1pcr.fd 2001/06/04 font definitions for OT1/pcr.
)
LaTeX Font Info:    Font shape `OT1/ptm/bx/n' in size <9> not available
(Font)              Font shape `OT1/ptm/b/n' tried instead on input line 72.
LaTeX Font Info:    Font shape `OT1/ptm/bx/it' in size <9> not available
(Font)              Font shape `OT1/ptm/b/it' tried instead on input line 79.

Underfull \vbox (badness 10000) has occurred while \output is active []

 [1{/usr/local/texlive/2015/texmf-var/fonts/map/pdftex/updmap/pdftex.map}



]
<fig_motivation1.pdf, id=131, 1174.3875pt x 588.1975pt>
File: fig_motivation1.pdf Graphic file (type pdf)

<use fig_motivation1.pdf>
Package pdftex.def Info: fig_motivation1.pdf used on input line 141.
(pdftex.def)             Requested size: 213.39566pt x 106.87619pt.

<fig_motivation2.pdf, id=132, 1174.3875pt x 586.19pt>
File: fig_motivation2.pdf Graphic file (type pdf)

<use fig_motivation2.pdf>
Package pdftex.def Info: fig_motivation2.pdf used on input line 142.
(pdftex.def)             Requested size: 213.39566pt x 106.51143pt.

Underfull \hbox (badness 1112) in paragraph at lines 178--180
\OT1/ptm/m/n/9 ing an in-de-pen-dent and iden-ti-cal stan-dard nor-mal dis-tri-
bu-tion,
 []

<fig_gnp_cdf2.pdf, id=153, 562.1pt x 421.575pt>
File: fig_gnp_cdf2.pdf Graphic file (type pdf)
 <use fig_gnp_cdf2.pdf>
Package pdftex.def Info: fig_gnp_cdf2.pdf used on input line 184.
(pdftex.def)             Requested size: 86.03447pt x 64.52005pt.

<fig_minnesota_cdf.pdf, id=154, 562.1pt x 421.575pt>
File: fig_minnesota_cdf.pdf Graphic file (type pdf)

<use fig_minnesota_cdf.pdf>
Package pdftex.def Info: fig_minnesota_cdf.pdf used on input line 188.
(pdftex.def)             Requested size: 86.03447pt x 64.52005pt.
 <fig_net25_cdf.pdf, id=155, 562.1pt x 421.575pt>
File: fig_net25_cdf.pdf Graphic file (type pdf)

<use fig_net25_cdf.pdf>
Package pdftex.def Info: fig_net25_cdf.pdf used on input line 192.
(pdftex.def)             Requested size: 86.03447pt x 64.52005pt.
 <fig_si2_cdf.pdf, id=156, 562.1pt x 421.575pt>
File: fig_si2_cdf.pdf Graphic file (type pdf)

<use fig_si2_cdf.pdf>
Package pdftex.def Info: fig_si2_cdf.pdf used on input line 200.
(pdftex.def)             Requested size: 86.03447pt x 64.52005pt.
 <fig_cage9_cdf.pdf, id=157, 562.1pt x 421.575pt>
File: fig_cage9_cdf.pdf Graphic file (type pdf)

<use fig_cage9_cdf.pdf>
Package pdftex.def Info: fig_cage9_cdf.pdf used on input line 204.
(pdftex.def)             Requested size: 86.03447pt x 64.52005pt.
 <fig_saylr4_cdf.pdf, id=158, 562.1pt x 421.575pt>
File: fig_saylr4_cdf.pdf Graphic file (type pdf)

<use fig_saylr4_cdf.pdf>
Package pdftex.def Info: fig_saylr4_cdf.pdf used on input line 208.
(pdftex.def)             Requested size: 86.03447pt x 64.52005pt.
 <fig_inverse.pdf, id=162, 477.55814pt x 388.46892pt>
File: fig_inverse.pdf Graphic file (type pdf)

<use fig_inverse.pdf>
Package pdftex.def Info: fig_inverse.pdf used on input line 238.
(pdftex.def)             Requested size: 116.65646pt x 94.89415pt.
 [2pdfTeX warning (ext4): destination with the same identifier (name{figure.1})
 has been already used, duplicate ignored

\AtBegShi@Output ...ipout \box \AtBeginShipoutBox 
                                                  \fi \fi 
l.244 
      pdfTeX warning (ext4): destination with the same identifier (name{figure.
2}) has been already used, duplicate ignored

\AtBegShi@Output ...ipout \box \AtBeginShipoutBox 
                                                  \fi \fi 
l.244 
       <./fig_motivation1.pdf> <./fig_motivation2.pdf> <./fig_gnp_cdf2.pdf> <./
fig_minnesota_cdf.pdf> <./fig_net25_cdf.pdf> <./fig_si2_cdf.pdf> <./fig_cage9_c
df.pdf> <./fig_saylr4_cdf.pdf>]
Underfull \hbox (badness 3907) in paragraph at lines 245--245
\OT1/ptm/b/n/9 3.2. Spectrum-adapted poly-no-mial re-gres-sion / or-thog-o-nal
 []


Overfull \hbox (0.39555pt too wide) in paragraph at lines 250--255
\OT1/ptm/m/n/9 where the ab-scis-sae $\OMS/cmsy/m/n/9 f\OML/cmm/m/it/9 x[]\OMS/
cmsy/m/n/9 g[]$ \OT1/ptm/m/n/9 and weights $\OMS/cmsy/m/n/9 f\OML/cmm/m/it/9 w[
]\OMS/cmsy/m/n/9 g[]$
 []


Overfull \hbox (0.91075pt too wide) in paragraph at lines 291--291
[] 
 []


Underfull \vbox (badness 7907) has occurred while \output is active []

 [3pdfTeX warning (ext4): destination with the same identifier (name{figure.3})
 has been already used, duplicate ignored

\AtBegShi@Output ...ipout \box \AtBeginShipoutBox 
                                                  \fi \fi 
l.340 
       <./fig_inverse.pdf>] <fig_gnp_deg10.pdf, id=314, 562.1pt x 421.575pt>
File: fig_gnp_deg10.pdf Graphic file (type pdf)

<use fig_gnp_deg10.pdf>
Package pdftex.def Info: fig_gnp_deg10.pdf used on input line 406.
(pdftex.def)             Requested size: 102.16327pt x 76.61998pt.
 <fig_gnp_err_const_b.pdf, id=315, 562.1pt x 421.575pt>
File: fig_gnp_err_const_b.pdf Graphic file (type pdf)

<use fig_gnp_err_const_b.pdf>
Package pdftex.def Info: fig_gnp_err_const_b.pdf used on input line 409.
(pdftex.def)             Requested size: 102.16327pt x 76.61998pt.

<fig_minnesota_deg10.pdf, id=316, 562.1pt x 421.575pt>
File: fig_minnesota_deg10.pdf Graphic file (type pdf)

<use fig_minnesota_deg10.pdf>
Package pdftex.def Info: fig_minnesota_deg10.pdf used on input line 415.
(pdftex.def)             Requested size: 102.16327pt x 76.61998pt.

<fig_minnesota_err_const_b.pdf, id=317, 562.1pt x 421.575pt>
File: fig_minnesota_err_const_b.pdf Graphic file (type pdf)

<use fig_minnesota_err_const_b.pdf>
Package pdftex.def Info: fig_minnesota_err_const_b.pdf used on input line 418.
(pdftex.def)             Requested size: 102.16327pt x 76.61998pt.

<fig_net25_deg10.pdf, id=318, 562.1pt x 421.575pt>
File: fig_net25_deg10.pdf Graphic file (type pdf)
 <use fig_net25_deg10.pdf>
Package pdftex.def Info: fig_net25_deg10.pdf used on input line 424.
(pdftex.def)             Requested size: 102.16327pt x 76.61998pt.

<fig_net25_err_const_b2.pdf, id=319, 562.1pt x 421.575pt>
File: fig_net25_err_const_b2.pdf Graphic file (type pdf)

<use fig_net25_err_const_b2.pdf>
Package pdftex.def Info: fig_net25_err_const_b2.pdf used on input line 427.
(pdftex.def)             Requested size: 102.16327pt x 76.61998pt.

<fig_si2_deg10.pdf, id=320, 562.1pt x 421.575pt>
File: fig_si2_deg10.pdf Graphic file (type pdf)
 <use fig_si2_deg10.pdf>
Package pdftex.def Info: fig_si2_deg10.pdf used on input line 433.
(pdftex.def)             Requested size: 102.16327pt x 76.61998pt.

<fig_si2_err_const_b.pdf, id=321, 562.1pt x 421.575pt>
File: fig_si2_err_const_b.pdf Graphic file (type pdf)

<use fig_si2_err_const_b.pdf>
Package pdftex.def Info: fig_si2_err_const_b.pdf used on input line 436.
(pdftex.def)             Requested size: 102.16327pt x 76.61998pt.

<fig_cage9_deg10_3.pdf, id=322, 562.1pt x 421.575pt>
File: fig_cage9_deg10_3.pdf Graphic file (type pdf)

<use fig_cage9_deg10_3.pdf>
Package pdftex.def Info: fig_cage9_deg10_3.pdf used on input line 442.
(pdftex.def)             Requested size: 102.16327pt x 76.61998pt.

<fig_cage9_err_const_b2.pdf, id=323, 562.1pt x 421.575pt>
File: fig_cage9_err_const_b2.pdf Graphic file (type pdf)

<use fig_cage9_err_const_b2.pdf>
Package pdftex.def Info: fig_cage9_err_const_b2.pdf used on input line 445.
(pdftex.def)             Requested size: 102.16327pt x 76.61998pt.

<fig_saylr4_deg10_2.pdf, id=324, 562.1pt x 421.575pt>
File: fig_saylr4_deg10_2.pdf Graphic file (type pdf)

<use fig_saylr4_deg10_2.pdf>
Package pdftex.def Info: fig_saylr4_deg10_2.pdf used on input line 451.
(pdftex.def)             Requested size: 102.16327pt x 76.61998pt.

<fig_saylr4_err_const_b2.pdf, id=325, 562.1pt x 421.575pt>
File: fig_saylr4_err_const_b2.pdf Graphic file (type pdf)

<use fig_saylr4_err_const_b2.pdf>
Package pdftex.def Info: fig_saylr4_err_const_b2.pdf used on input line 454.
(pdftex.def)             Requested size: 102.16327pt x 76.61998pt.

<fig_saylr4sc_deg10.pdf, id=326, 562.1pt x 421.575pt>
File: fig_saylr4sc_deg10.pdf Graphic file (type pdf)

<use fig_saylr4sc_deg10.pdf>
Package pdftex.def Info: fig_saylr4sc_deg10.pdf used on input line 461.
(pdftex.def)             Requested size: 102.16327pt x 76.61998pt.

<fig_saylr4sc_err_const_b.pdf, id=327, 562.1pt x 421.575pt>
File: fig_saylr4sc_err_const_b.pdf Graphic file (type pdf)

<use fig_saylr4sc_err_const_b.pdf>
Package pdftex.def Info: fig_saylr4sc_err_const_b.pdf used on input line 464.
(pdftex.def)             Requested size: 102.16327pt x 76.61998pt.

Underfull \hbox (badness 2884) in paragraph at lines 485--487
[]\OT1/ptm/m/n/9 The pro-posed spectrum-adapted weighted least squares
 []

[4pdfTeX warning (ext4): destination with the same identifier (name{figure.4}) 
has been already used, duplicate ignored

\AtBegShi@Output ...ipout \box \AtBeginShipoutBox 
                                                  \fi \fi 
l.728 \clearpage
                 <./fig_gnp_deg10.pdf> <./fig_gnp_err_const_b.pdf> <./fig_minne
sota_deg10.pdf> <./fig_minnesota_err_const_b.pdf> <./fig_net25_deg10.pdf> <./fi
g_net25_err_const_b2.pdf> <./fig_si2_deg10.pdf> <./fig_si2_err_const_b.pdf> <./
fig_cage9_deg10_3.pdf> <./fig_cage9_err_const_b2.pdf> <./fig_saylr4_deg10_2.pdf
> <./fig_saylr4_err_const_b2.pdf> <./fig_saylr4sc_deg10.pdf> <./fig_saylr4sc_er
r_const_b.pdf>] (./saop.bbl
Underfull \hbox (badness 10000) in paragraph at lines 270--274
[]\OT1/ptm/m/n/7 D. Gle-ich,  ``The Mat-lab-BGL Mat-lab li-brary,''
 []

)
Package atveryend Info: Empty hook `BeforeClearDocument' on input line 736.
 [5

]
Package atveryend Info: Empty hook `AfterLastShipout' on input line 736.
 (./saop.aux)
Package atveryend Info: Executing hook `AtVeryEndDocument' on input line 736.
Package atveryend Info: Executing hook `AtEndAfterFileList' on input line 736.
Package rerunfilecheck Info: File `saop.out' has not changed.
(rerunfilecheck)             Checksum: 5E8E41991604F104D96FB5EAEFD9FDD2;547.
Package atveryend Info: Empty hook `AtVeryVeryEnd' on input line 736.
 ) 
Here is how much of TeX's memory you used:
 8306 strings out of 493089
 122518 string characters out of 6134842
 272134 words of memory out of 5000000
 11524 multiletter control sequences out of 15000+600000
 33897 words of font info for 82 fonts, out of 8000000 for 9000
 1141 hyphenation exceptions out of 8191
 33i,15n,35p,2220b,340s stack positions out of 5000i,500n,10000p,200000b,80000s
pdfTeX warning (dest): name{Hfootnote.1} has been referenced but does not exi
st, replaced by a fixed one

{/usr/local/texlive/2015/texmf-dist/fonts/enc/dvips/base/8r.enc}</usr/local/tex
live/2015/texmf-dist/fonts/type1/public/amsfonts/cm/cmbx6.pfb></usr/local/texli
ve/2015/texmf-dist/fonts/type1/public/amsfonts/cm/cmbx8.pfb></usr/local/texlive
/2015/texmf-dist/fonts/type1/public/amsfonts/cm/cmbx9.pfb></usr/local/texlive/2
015/texmf-dist/fonts/type1/public/amsfonts/cmextra/cmex7.pfb></usr/local/texliv
e/2015/texmf-dist/fonts/type1/public/amsfonts/cmextra/cmex9.pfb></usr/local/tex
live/2015/texmf-dist/fonts/type1/public/amsfonts/cm/cmmi10.pfb></usr/local/texl
ive/2015/texmf-dist/fonts/type1/public/amsfonts/cm/cmmi5.pfb></usr/local/texliv
e/2015/texmf-dist/fonts/type1/public/amsfonts/cm/cmmi6.pfb></usr/local/texlive/
2015/texmf-dist/fonts/type1/public/amsfonts/cm/cmmi7.pfb></usr/local/texlive/20
15/texmf-dist/fonts/type1/public/amsfonts/cm/cmmi9.pfb></usr/local/texlive/2015
/texmf-dist/fonts/type1/public/amsfonts/cmextra/cmmib9.pfb></usr/local/texlive/
2015/texmf-dist/fonts/type1/public/amsfonts/cm/cmr10.pfb></usr/local/texlive/20
15/texmf-dist/fonts/type1/public/amsfonts/cm/cmr5.pfb></usr/local/texlive/2015/
texmf-dist/fonts/type1/public/amsfonts/cm/cmr6.pfb></usr/local/texlive/2015/tex
mf-dist/fonts/type1/public/amsfonts/cm/cmr7.pfb></usr/local/texlive/2015/texmf-
dist/fonts/type1/public/amsfonts/cm/cmr9.pfb></usr/local/texlive/2015/texmf-dis
t/fonts/type1/public/amsfonts/cm/cmsy5.pfb></usr/local/texlive/2015/texmf-dist/
fonts/type1/public/amsfonts/cm/cmsy6.pfb></usr/local/texlive/2015/texmf-dist/fo
nts/type1/public/amsfonts/cm/cmsy7.pfb></usr/local/texlive/2015/texmf-dist/font
s/type1/public/amsfonts/cm/cmsy8.pfb></usr/local/texlive/2015/texmf-dist/fonts/
type1/public/amsfonts/cm/cmsy9.pfb></usr/local/texlive/2015/texmf-dist/fonts/ty
pe1/public/amsfonts/symbols/msbm10.pfb></usr/local/texlive/2015/texmf-dist/font
s/type1/public/amsfonts/symbols/msbm7.pfb></usr/local/texlive/2015/texmf-dist/f
onts/type1/urw/courier/ucrr8a.pfb></usr/local/texlive/2015/texmf-dist/fonts/typ
e1/urw/times/utmb8a.pfb></usr/local/texlive/2015/texmf-dist/fonts/type1/urw/tim
es/utmbi8a.pfb></usr/local/texlive/2015/texmf-dist/fonts/type1/urw/times/utmr8a
.pfb></usr/local/texlive/2015/texmf-dist/fonts/type1/urw/times/utmri8a.pfb>
Output written on saop.pdf (5 pages, 4840269 bytes).
PDF statistics:
 531 PDF objects out of 1000 (max. 8388607)
 437 compressed objects within 5 object streams
 83 named destinations out of 1000 (max. 500000)
 180 words of extra memory for PDF output out of 10000 (max. 10000000)

